<?xml version="1.0" encoding="UTF-8"?>
<!-- Generated by org.testng.reporters.JUnitXMLReporter -->
<testsuite ignored="1" hostname="PREDATOR" failures="1" tests="2" name="ErrorValidationTest" time="12.89" errors="0" timestamp="2025-07-28T22:57:01 IST">
  <testcase classname="org.LetsShop.test.ErrorValidationTest" name="LoginErrorValidation" time="0.461">
    <skipped/>
  </testcase> <!-- LoginErrorValidation -->
  <testcase classname="org.LetsShop.test.ErrorValidationTest" name="LoginErrorValidation" time="0.952">
    <failure type="java.lang.AssertionError" message="expected [Incorrect email or password.] but found [Incorrect email or* password]">
      <![CDATA[java.lang.AssertionError: expected [Incorrect email or password.] but found [Incorrect email or* password]
at org.LetsShop.test.ErrorValidationTest.LoginErrorValidation(ErrorValidationTest.java:20)
at java.base/java.util.ArrayList.forEach(ArrayList.java:1511)
... Removed 31 stack frames]]>
    </failure>
  </testcase> <!-- LoginErrorValidation -->
  <testcase classname="org.LetsShop.test.ErrorValidationTest" name="ProductErrorValidation" time="0.0">
    <ignored/>
  </testcase> <!-- ProductErrorValidation -->
</testsuite> <!-- ErrorValidationTest -->
