<?xml version="1.0" encoding="UTF-8"?>
<!-- Generated by org.testng.reporters.JUnitXMLReporter -->
<testsuite ignored="0" hostname="PREDATOR" failures="0" tests="4" name="SubmitOrderTest" time="27.94" errors="0" timestamp="2025-07-28T22:57:29 IST">
  <testcase classname="org.LetsShop.test.SubmitOrderTest" name="submitOrder" time="2.946"/>
  <testcase classname="org.LetsShop.test.SubmitOrderTest" name="submitOrder" time="3.03"/>
  <testcase classname="org.LetsShop.test.SubmitOrderTest" name="OrderHistoryTest" time="3.373"/>
  <testcase classname="org.LetsShop.test.SubmitOrderTest" name="OrderHistoryTest" time="0.785"/>
</testsuite> <!-- SubmitOrderTest -->
