<?xml version="1.0" encoding="UTF-8"?>
<!-- Generated by org.testng.reporters.JUnitXMLReporter -->
<testsuite ignored="0" hostname="PREDATOR" failures="0" tests="3" name="Test" time="19.394" errors="0" timestamp="2024-02-03T15:30:35 IST">
  <testcase classname="org.LetsShop.test.ErrorValidationTest" name="LoginErrorValidation" time="1.162"/>
  <testcase classname="org.LetsShop.test.ErrorValidationTest" name="ProductErrorValidation" time="2.438"/>
  <testcase classname="org.LetsShop.test.SubmitOrderTest" name="submitOrder" time="3.223"/>
</testsuite> <!-- Test -->
